<?xml version="1.0" encoding="UTF-8"?>
<!-- Generated by org.testng.reporters.JUnitXMLReporter -->
<testsuite hostname="LAPTOP-7OIHNNUL" name="Test" tests="1" failures="0" timestamp="7 Jun 2020 05:29:26 GMT" time="0.349" errors="0">
  <testcase name="@BeforeClass setUpClass" time="0.0" classname="com.talentech.runner.TestRunner">
    <failure type="cucumber.runtime.CucumberException" message="java.util.regex.PatternSyntaxException: Illegal repetition near index 16
Customer enters  {string} and Customer enters {string}
                ^">
      <![CDATA[cucumber.runtime.CucumberException: java.util.regex.PatternSyntaxException: Illegal repetition near index 16
Customer enters  {string} and Customer enters {string}
                ^
	at cucumber.runtime.java.JavaBackend.addStepDefinition(JavaBackend.java:156)
	at cucumber.runtime.java.MethodScanner.scan(MethodScanner.java:68)
	at cucumber.runtime.java.MethodScanner.scan(MethodScanner.java:41)
	at cucumber.runtime.java.JavaBackend.loadGlue(JavaBackend.java:86)
	at cucumber.runtime.Runtime.<init>(Runtime.java:92)
	at cucumber.runtime.Runtime.<init>(Runtime.java:70)
	at cucumber.runtime.Runtime.<init>(Runtime.java:66)
	at cucumber.api.testng.TestNGCucumberRunner.<init>(TestNGCucumberRunner.java:42)
	at com.talentech.runner.TestRunner.setUpClass(TestRunner.java:44)
Caused by: java.util.regex.PatternSyntaxException: Illegal repetition near index 16
Customer enters  {string} and Customer enters {string}
                ^
	at java.util.regex.Pattern.error(Pattern.java:1955)
	at java.util.regex.Pattern.closure(Pattern.java:3157)
	at java.util.regex.Pattern.sequence(Pattern.java:2134)
	at java.util.regex.Pattern.expr(Pattern.java:1996)
	at java.util.regex.Pattern.compile(Pattern.java:1696)
	at java.util.regex.Pattern.<init>(Pattern.java:1351)
	at java.util.regex.Pattern.compile(Pattern.java:1028)
	at cucumber.runtime.java.JavaBackend.pattern(JavaBackend.java:203)
	at cucumber.runtime.java.JavaBackend.addStepDefinition(JavaBackend.java:151)
	... 32 more
... Removed 24 stack frames]]>
    </failure>
  </testcase> <!-- @BeforeClass setUpClass -->
  <testcase name="@AfterClass tearDownClass" time="0.0" classname="com.talentech.runner.TestRunner">
    <failure type="java.lang.NullPointerException">
      <![CDATA[java.lang.NullPointerException
	at com.talentech.runner.TestRunner.tearDownClass(TestRunner.java:59)
... Removed 24 stack frames]]>
    </failure>
  </testcase> <!-- @AfterClass tearDownClass -->
  <testcase name="feature" time="0.0" classname="com.talentech.runner.TestRunner">
    <skipped/>
  </testcase> <!-- feature -->
</testsuite> <!-- Test -->
